-------------------------------------------------------------------------------
Test set: fit5171.monash.edu.TicketCollectionTest
-------------------------------------------------------------------------------
Tests run: 5, Failures: 5, Errors: 0, Skipped: 0, Time elapsed: 0.014 sec <<< FAILURE!
fit5171.monash.edu.TicketCollectionTest.testGetTickets()  Time elapsed: 0.014 sec  <<< FAILURE!
java.lang.IllegalArgumentException: Gender option: Woman, Man, Non-binary|gender diverse, Prefer not to say and Other.
	at fit5171.monash.edu.Person.setGender(Person.java:64)
	at fit5171.monash.edu.Passenger.setGender(Passenger.java:52)
	at fit5171.monash.edu.Person.<init>(Person.java:21)
	at fit5171.monash.edu.Passenger.<init>(Passenger.java:15)
	at fit5171.monash.edu.TicketCollectionTest.testGetTickets(TicketCollectionTest.java:29)

fit5171.monash.edu.TicketCollectionTest.testAddTickets()  Time elapsed: 0 sec  <<< FAILURE!
java.lang.IllegalArgumentException: Gender option: Woman, Man, Non-binary|gender diverse, Prefer not to say and Other.
	at fit5171.monash.edu.Person.setGender(Person.java:64)
	at fit5171.monash.edu.Passenger.setGender(Passenger.java:52)
	at fit5171.monash.edu.Person.<init>(Person.java:21)
	at fit5171.monash.edu.Passenger.<init>(Passenger.java:15)
	at fit5171.monash.edu.TicketCollectionTest.testAddTickets(TicketCollectionTest.java:40)

fit5171.monash.edu.TicketCollectionTest.testGetAllTickets()  Time elapsed: 0 sec  <<< FAILURE!
java.lang.IllegalArgumentException: Gender option: Woman, Man, Non-binary|gender diverse, Prefer not to say and Other.
	at fit5171.monash.edu.Person.setGender(Person.java:64)
	at fit5171.monash.edu.Passenger.setGender(Passenger.java:52)
	at fit5171.monash.edu.Person.<init>(Person.java:21)
	at fit5171.monash.edu.Passenger.<init>(Passenger.java:15)
	at fit5171.monash.edu.TicketCollectionTest.testGetAllTickets(TicketCollectionTest.java:56)

fit5171.monash.edu.TicketCollectionTest.testGetTicketInfoWithInvalidTicket_id()  Time elapsed: 0 sec  <<< FAILURE!
java.lang.IllegalArgumentException: Gender option: Woman, Man, Non-binary|gender diverse, Prefer not to say and Other.
	at fit5171.monash.edu.Person.setGender(Person.java:64)
	at fit5171.monash.edu.Passenger.setGender(Passenger.java:52)
	at fit5171.monash.edu.Person.<init>(Person.java:21)
	at fit5171.monash.edu.Passenger.<init>(Passenger.java:15)
	at fit5171.monash.edu.TicketCollectionTest.testGetTicketInfoWithInvalidTicket_id(TicketCollectionTest.java:80)

fit5171.monash.edu.TicketCollectionTest.testGetTicketInfoWithValidTicket_id()  Time elapsed: 0 sec  <<< FAILURE!
java.lang.IllegalArgumentException: Gender option: Woman, Man, Non-binary|gender diverse, Prefer not to say and Other.
	at fit5171.monash.edu.Person.setGender(Person.java:64)
	at fit5171.monash.edu.Passenger.setGender(Passenger.java:52)
	at fit5171.monash.edu.Person.<init>(Person.java:21)
	at fit5171.monash.edu.Passenger.<init>(Passenger.java:15)
	at fit5171.monash.edu.TicketCollectionTest.testGetTicketInfoWithValidTicket_id(TicketCollectionTest.java:96)

