<?xml version="1.0" encoding="UTF-8" ?>
<testsuite tests="5" failures="4" name="fit5171.monash.edu.TicketTest" time="0.011" errors="0" skipped="0">
  <properties>
    <property name="idea.version" value="2023.1"/>
    <property name="java.runtime.name" value="Java(TM) SE Runtime Environment"/>
    <property name="sun.boot.library.path" value="/Library/Java/JavaVirtualMachines/jdk1.8.0_202.jdk/Contents/Home/jre/lib"/>
    <property name="java.vm.version" value="25.202-b08"/>
    <property name="gopherProxySet" value="false"/>
    <property name="java.vm.vendor" value="Oracle Corporation"/>
    <property name="maven.multiModuleProjectDirectory" value="/Users/wells/Monash/FIT5171/team24/FIT5171_2023_24"/>
    <property name="java.vendor.url" value="http://java.oracle.com/"/>
    <property name="path.separator" value=":"/>
    <property name="guice.disable.misplaced.annotation.check" value="true"/>
    <property name="java.vm.name" value="Java HotSpot(TM) 64-Bit Server VM"/>
    <property name="file.encoding.pkg" value="sun.io"/>
    <property name="user.country" value="TW"/>
    <property name="sun.java.launcher" value="SUN_STANDARD"/>
    <property name="sun.os.patch.level" value="unknown"/>
    <property name="java.vm.specification.name" value="Java Virtual Machine Specification"/>
    <property name="user.dir" value="/Users/wells/Monash/FIT5171/team24/FIT5171_2023_24"/>
    <property name="java.runtime.version" value="1.8.0_202-b08"/>
    <property name="java.awt.graphicsenv" value="sun.awt.CGraphicsEnvironment"/>
    <property name="java.endorsed.dirs" value="/Library/Java/JavaVirtualMachines/jdk1.8.0_202.jdk/Contents/Home/jre/lib/endorsed"/>
    <property name="os.arch" value="x86_64"/>
    <property name="java.io.tmpdir" value="/var/folders/6v/t5svmqns04d9jlnjj1l2nr9m0000gn/T/"/>
    <property name="line.separator" value="
"/>
    <property name="java.vm.specification.vendor" value="Oracle Corporation"/>
    <property name="os.name" value="Mac OS X"/>
    <property name="maven.ext.class.path" value="/Applications/IntelliJ IDEA CE.app/Contents/plugins/maven/lib/maven-event-listener.jar"/>
    <property name="classworlds.conf" value="/Applications/IntelliJ IDEA CE.app/Contents/plugins/maven/lib/maven3/bin/m2.conf"/>
    <property name="sun.jnu.encoding" value="UTF-8"/>
    <property name="java.library.path" value="/Users/wells/Library/Java/Extensions:/Library/Java/Extensions:/Network/Library/Java/Extensions:/System/Library/Java/Extensions:/usr/lib/java:."/>
    <property name="jansi.passthrough" value="true"/>
    <property name="maven.conf" value="/Applications/IntelliJ IDEA CE.app/Contents/plugins/maven/lib/maven3/conf"/>
    <property name="java.specification.name" value="Java Platform API Specification"/>
    <property name="java.class.version" value="52.0"/>
    <property name="sun.management.compiler" value="HotSpot 64-Bit Tiered Compilers"/>
    <property name="os.version" value="10.16"/>
    <property name="http.nonProxyHosts" value="local|*.local|169.254/16|*.169.254/16"/>
    <property name="user.home" value="/Users/wells"/>
    <property name="user.timezone" value="Australia/Melbourne"/>
    <property name="java.awt.printerjob" value="sun.lwawt.macosx.CPrinterJob"/>
    <property name="java.specification.version" value="1.8"/>
    <property name="file.encoding" value="UTF-8"/>
    <property name="user.name" value="chenghanyu"/>
    <property name="java.class.path" value="/Applications/IntelliJ IDEA CE.app/Contents/plugins/maven/lib/maven3/boot/plexus-classworlds.license:/Applications/IntelliJ IDEA CE.app/Contents/plugins/maven/lib/maven3/boot/plexus-classworlds-2.6.0.jar:/Applications/IntelliJ IDEA CE.app/Contents/lib/idea_rt.jar"/>
    <property name="java.vm.specification.version" value="1.8"/>
    <property name="sun.arch.data.model" value="64"/>
    <property name="java.home" value="/Library/Java/JavaVirtualMachines/jdk1.8.0_202.jdk/Contents/Home/jre"/>
    <property name="sun.java.command" value="org.codehaus.classworlds.Launcher -Didea.version=2023.1 test"/>
    <property name="java.specification.vendor" value="Oracle Corporation"/>
    <property name="user.language" value="en"/>
    <property name="awt.toolkit" value="sun.lwawt.macosx.LWCToolkit"/>
    <property name="java.vm.info" value="mixed mode"/>
    <property name="java.version" value="1.8.0_202"/>
    <property name="java.ext.dirs" value="/Users/wells/Library/Java/Extensions:/Library/Java/JavaVirtualMachines/jdk1.8.0_202.jdk/Contents/Home/jre/lib/ext:/Library/Java/Extensions:/Network/Library/Java/Extensions:/System/Library/Java/Extensions:/usr/lib/java"/>
    <property name="sun.boot.class.path" value="/Library/Java/JavaVirtualMachines/jdk1.8.0_202.jdk/Contents/Home/jre/lib/resources.jar:/Library/Java/JavaVirtualMachines/jdk1.8.0_202.jdk/Contents/Home/jre/lib/rt.jar:/Library/Java/JavaVirtualMachines/jdk1.8.0_202.jdk/Contents/Home/jre/lib/sunrsasign.jar:/Library/Java/JavaVirtualMachines/jdk1.8.0_202.jdk/Contents/Home/jre/lib/jsse.jar:/Library/Java/JavaVirtualMachines/jdk1.8.0_202.jdk/Contents/Home/jre/lib/jce.jar:/Library/Java/JavaVirtualMachines/jdk1.8.0_202.jdk/Contents/Home/jre/lib/charsets.jar:/Library/Java/JavaVirtualMachines/jdk1.8.0_202.jdk/Contents/Home/jre/lib/jfr.jar:/Library/Java/JavaVirtualMachines/jdk1.8.0_202.jdk/Contents/Home/jre/classes"/>
    <property name="java.vendor" value="Oracle Corporation"/>
    <property name="maven.home" value="/Applications/IntelliJ IDEA CE.app/Contents/plugins/maven/lib/maven3"/>
    <property name="file.separator" value="/"/>
    <property name="java.vendor.url.bug" value="http://bugreport.sun.com/bugreport/"/>
    <property name="sun.cpu.endian" value="little"/>
    <property name="sun.io.unicode.encoding" value="UnicodeBig"/>
    <property name="socksNonProxyHosts" value="local|*.local|169.254/16|*.169.254/16"/>
    <property name="ftp.nonProxyHosts" value="local|*.local|169.254/16|*.169.254/16"/>
    <property name="sun.cpu.isalist" value=""/>
  </properties>
  <testcase classname="fit5171.monash.edu.TicketTest" name="fit5171.monash.edu.TicketTest.testConstructor" time="0.002"/>
  <testcase classname="fit5171.monash.edu.TicketTest" name="fit5171.monash.edu.TicketTest.testToStringMethod" time="0.003">
    <failure message="Gender option: Woman, Man, Non-binary|gender diverse, Prefer not to say and Other." type="java.lang.IllegalArgumentException">java.lang.IllegalArgumentException: Gender option: Woman, Man, Non-binary|gender diverse, Prefer not to say and Other.
	at fit5171.monash.edu.Person.setGender(Person.java:64)
	at fit5171.monash.edu.Passenger.setGender(Passenger.java:52)
	at fit5171.monash.edu.Person.&lt;init&gt;(Person.java:21)
	at fit5171.monash.edu.Passenger.&lt;init&gt;(Passenger.java:15)
	at fit5171.monash.edu.TicketTest.testToStringMethod(TicketTest.java:76)
</failure>
  </testcase>
  <testcase classname="fit5171.monash.edu.TicketTest" name="fit5171.monash.edu.TicketTest.testSetterMethods" time="0.002">
    <failure message="Gender option: Woman, Man, Non-binary|gender diverse, Prefer not to say and Other." type="java.lang.IllegalArgumentException">java.lang.IllegalArgumentException: Gender option: Woman, Man, Non-binary|gender diverse, Prefer not to say and Other.
	at fit5171.monash.edu.Person.setGender(Person.java:64)
	at fit5171.monash.edu.Passenger.setGender(Passenger.java:52)
	at fit5171.monash.edu.Person.&lt;init&gt;(Person.java:21)
	at fit5171.monash.edu.Passenger.&lt;init&gt;(Passenger.java:15)
	at fit5171.monash.edu.TicketTest.testSetterMethods(TicketTest.java:27)
</failure>
  </testcase>
  <testcase classname="fit5171.monash.edu.TicketTest" name="fit5171.monash.edu.TicketTest.testSaleByAgeWithJunior" time="0.001">
    <failure message="Gender option: Woman, Man, Non-binary|gender diverse, Prefer not to say and Other." type="java.lang.IllegalArgumentException">java.lang.IllegalArgumentException: Gender option: Woman, Man, Non-binary|gender diverse, Prefer not to say and Other.
	at fit5171.monash.edu.Person.setGender(Person.java:64)
	at fit5171.monash.edu.Passenger.setGender(Passenger.java:52)
	at fit5171.monash.edu.Person.&lt;init&gt;(Person.java:21)
	at fit5171.monash.edu.Passenger.&lt;init&gt;(Passenger.java:15)
	at fit5171.monash.edu.TicketTest.testSaleByAgeWithJunior(TicketTest.java:51)
</failure>
  </testcase>
  <testcase classname="fit5171.monash.edu.TicketTest" name="fit5171.monash.edu.TicketTest.testSaleByAgeWithSenior" time="0.003">
    <failure message="Gender option: Woman, Man, Non-binary|gender diverse, Prefer not to say and Other." type="java.lang.IllegalArgumentException">java.lang.IllegalArgumentException: Gender option: Woman, Man, Non-binary|gender diverse, Prefer not to say and Other.
	at fit5171.monash.edu.Person.setGender(Person.java:64)
	at fit5171.monash.edu.Passenger.setGender(Passenger.java:52)
	at fit5171.monash.edu.Person.&lt;init&gt;(Person.java:21)
	at fit5171.monash.edu.Passenger.&lt;init&gt;(Passenger.java:15)
	at fit5171.monash.edu.TicketTest.testSaleByAgeWithSenior(TicketTest.java:63)
</failure>
  </testcase>
</testsuite>