-------------------------------------------------------------------------------
Test set: fit5171.monash.edu.FlightCollectionTest
-------------------------------------------------------------------------------
Tests run: 9, Failures: 0, Errors: 9, Skipped: 0, Time elapsed: 0.003 s <<< FAILURE! - in fit5171.monash.edu.FlightCollectionTest
testGetFlightInfoWithInvalidFlight_id  Time elapsed: 0.001 s  <<< ERROR!
java.lang.NoClassDefFoundError: Could not initialize class org.mockito.internal.creation.cglib.ClassImposterizer$3
	at fit5171.monash.edu.FlightCollectionTest.setUp(FlightCollectionTest.java:25)
Caused by: java.lang.ExceptionInInitializerError: Exception java.lang.ExceptionInInitializerError [in thread "main"]

testGetFlightInfoWithCity  Time elapsed: 0 s  <<< ERROR!
java.lang.NoClassDefFoundError: Could not initialize class org.mockito.internal.creation.cglib.ClassImposterizer$3
	at fit5171.monash.edu.FlightCollectionTest.setUp(FlightCollectionTest.java:25)
Caused by: java.lang.ExceptionInInitializerError: Exception java.lang.ExceptionInInitializerError [in thread "main"]

testGetFlightInfoWithTwoCities  Time elapsed: 0 s  <<< ERROR!
java.lang.NoClassDefFoundError: Could not initialize class org.mockito.internal.creation.cglib.ClassImposterizer$3
	at fit5171.monash.edu.FlightCollectionTest.setUp(FlightCollectionTest.java:25)
Caused by: java.lang.ExceptionInInitializerError: Exception java.lang.ExceptionInInitializerError [in thread "main"]

testGetFlights  Time elapsed: 0 s  <<< ERROR!
java.lang.NoClassDefFoundError: Could not initialize class org.mockito.internal.creation.cglib.ClassImposterizer$3
	at fit5171.monash.edu.FlightCollectionTest.setUp(FlightCollectionTest.java:25)
Caused by: java.lang.ExceptionInInitializerError: Exception java.lang.ExceptionInInitializerError [in thread "main"]

testGetFlightInfoWithInvalidCity  Time elapsed: 0.001 s  <<< ERROR!
java.lang.NoClassDefFoundError: Could not initialize class org.mockito.internal.creation.cglib.ClassImposterizer$3
	at fit5171.monash.edu.FlightCollectionTest.setUp(FlightCollectionTest.java:25)
Caused by: java.lang.ExceptionInInitializerError: Exception java.lang.ExceptionInInitializerError [in thread "main"]

testGetFlightInfoWithFlight_id  Time elapsed: 0 s  <<< ERROR!
java.lang.NoClassDefFoundError: Could not initialize class org.mockito.internal.creation.cglib.ClassImposterizer$3
	at fit5171.monash.edu.FlightCollectionTest.setUp(FlightCollectionTest.java:25)
Caused by: java.lang.ExceptionInInitializerError: Exception java.lang.ExceptionInInitializerError [in thread "main"]

testGetFlightInfoWithInvalidTwoCities  Time elapsed: 0 s  <<< ERROR!
java.lang.NoClassDefFoundError: Could not initialize class org.mockito.internal.creation.cglib.ClassImposterizer$3
	at fit5171.monash.edu.FlightCollectionTest.setUp(FlightCollectionTest.java:25)
Caused by: java.lang.ExceptionInInitializerError: Exception java.lang.ExceptionInInitializerError [in thread "main"]

testAddInvalidCityFlights  Time elapsed: 0 s  <<< ERROR!
java.lang.NoClassDefFoundError: Could not initialize class org.mockito.internal.creation.cglib.ClassImposterizer$3
	at fit5171.monash.edu.FlightCollectionTest.setUp(FlightCollectionTest.java:25)
Caused by: java.lang.ExceptionInInitializerError: Exception java.lang.ExceptionInInitializerError [in thread "main"]

testAddExistFlights  Time elapsed: 0 s  <<< ERROR!
java.lang.NoClassDefFoundError: Could not initialize class org.mockito.internal.creation.cglib.ClassImposterizer$3
	at fit5171.monash.edu.FlightCollectionTest.setUp(FlightCollectionTest.java:25)
Caused by: java.lang.ExceptionInInitializerError: Exception java.lang.ExceptionInInitializerError [in thread "main"]

