<?xml version="1.0" encoding="UTF-8"?>
<testsuite xmlns:xsi="http://www.w3.org/2001/XMLSchema-instance" xsi:noNamespaceSchemaLocation="https://maven.apache.org/surefire/maven-surefire-plugin/xsd/surefire-test-report.xsd" name="fit5171.monash.edu.TicketCollectionTest" time="0.013" tests="4" errors="0" skipped="0" failures="0">
  <properties>
[...]
</properties>
  <testcase name="testAddTicketValid" classname="fit5171.monash.edu.TicketCollectionTest" time="0.01"/>
  <testcase name="testAddTicketInvalid" classname="fit5171.monash.edu.TicketCollectionTest" time="0.002"/>
  <testcase name="testGetTicketInfoInvalid" classname="fit5171.monash.edu.TicketCollectionTest" time="0"/>
  <testcase name="testGetTicketInfoValid" classname="fit5171.monash.edu.TicketCollectionTest" time="0.001"/>
</testsuite>