<?xml version="1.0" encoding="UTF-8"?>
<testsuite xmlns:xsi="http://www.w3.org/2001/XMLSchema-instance" xsi:noNamespaceSchemaLocation="https://maven.apache.org/surefire/maven-surefire-plugin/xsd/surefire-test-report.xsd" name="fit5171.monash.edu.AirplaneTest" time="0.002" tests="8" errors="0" skipped="0" failures="0">
  <properties>
[...]
</properties>
  <testcase name="businessSeatNumberNotInRange" classname="fit5171.monash.edu.AirplaneTest" time="0"/>
  <testcase name="crewSeatNumberInRange" classname="fit5171.monash.edu.AirplaneTest" time="0"/>
  <testcase name="economySeatNumberNotInRange" classname="fit5171.monash.edu.AirplaneTest" time="0"/>
  <testcase name="crewSeatNumberNotInRange" classname="fit5171.monash.edu.AirplaneTest" time="0"/>
  <testcase name="economySeatNumberInRange" classname="fit5171.monash.edu.AirplaneTest" time="0"/>
  <testcase name="businessSeatNumberInRange" classname="fit5171.monash.edu.AirplaneTest" time="0"/>
  <testcase name="testSetterMethods" classname="fit5171.monash.edu.AirplaneTest" time="0"/>
  <testcase name="testToStringMethod" classname="fit5171.monash.edu.AirplaneTest" time="0"/>
</testsuite>