<?xml version="1.0" encoding="UTF-8"?>
<testsuite xmlns:xsi="http://www.w3.org/2001/XMLSchema-instance" xsi:noNamespaceSchemaLocation="https://maven.apache.org/surefire/maven-surefire-plugin/xsd/surefire-test-report.xsd" name="fit5171.monash.edu.TicketSystemTest" time="0.037" tests="4" errors="0" skipped="0" failures="0">
  <properties>
[...]
</properties>
  <testcase name="testBuyTicketWithValidInput" classname="fit5171.monash.edu.TicketSystemTest" time="0.03"/>
  <testcase name="testTicketWithValidCity" classname="fit5171.monash.edu.TicketSystemTest" time="0"/>
  <testcase name="testShowTicket" classname="fit5171.monash.edu.TicketSystemTest" time="0.002"/>
  <testcase name="testTicketWithValidTwoCity" classname="fit5171.monash.edu.TicketSystemTest" time="0.003"/>
</testsuite>